<?xml version="1.0" encoding="UTF-8"?>
<!-- Generated by org.testng.reporters.JUnitXMLReporter -->
<testsuite ignored="0" hostname="DESKTOP-820RNO9" failures="0" tests="4" name="Edgetest" time="60.179" errors="0" timestamp="2023-11-19T12:59:58 IST">
  <testcase classname="day33.ParellelTesting" name="login" time="8.158"/>
  <testcase classname="day33.ParellelTesting" name="GetTitle" time="2.566"/>
  <testcase classname="day33.ParellelTesting" name="GetCurrentUrl" time="0.053"/>
  <testcase classname="day33.ParellelTesting" name="logout" time="7.345"/>
</testsuite> <!-- Edgetest -->
