<?xml version="1.0" encoding="UTF-8"?>
<!-- Generated by org.testng.reporters.JUnitXMLReporter -->
<testsuite ignored="0" hostname="DESKTOP-820RNO9" failures="0" tests="4" name="PareellelTest1" time="28.132" errors="0" timestamp="2023-11-19T12:43:21 IST">
  <testcase classname="day33.ParellelTesting" name="login" time="2.657"/>
  <testcase classname="day33.ParellelTesting" name="GetTitle" time="0.055"/>
  <testcase classname="day33.ParellelTesting" name="GetCurrentUrl" time="0.014"/>
  <testcase classname="day33.ParellelTesting" name="logout" time="2.624"/>
</testsuite> <!-- PareellelTest1 -->
