<?xml version="1.0" encoding="UTF-8"?>
<!-- Generated by org.testng.reporters.JUnitXMLReporter -->
<testsuite ignored="0" hostname="DESKTOP-820RNO9" failures="0" tests="4" name="PareellelTest2" time="24.148" errors="0" timestamp="2023-11-19T12:43:45 IST">
  <testcase classname="day33.ParellelTesting" name="login" time="2.788"/>
  <testcase classname="day33.ParellelTesting" name="GetTitle" time="0.018"/>
  <testcase classname="day33.ParellelTesting" name="GetCurrentUrl" time="0.014"/>
  <testcase classname="day33.ParellelTesting" name="logout" time="4.978"/>
</testsuite> <!-- PareellelTest2 -->
