<?xml version="1.0" encoding="UTF-8"?>
<!-- Generated by org.testng.reporters.JUnitXMLReporter -->
<testsuite ignored="0" hostname="DESKTOP-820RNO9" failures="1" tests="4" name="BeforeAfterTestDemo2" time="24.102" errors="0" timestamp="2023-11-18T21:00:25 IST">
  <testcase classname="day32.BeforeTestDemo1" name="login" time="1.18"/>
  <testcase classname="day32.BeforeTestDemo1" name="getcurrenturl" time="6.137"/>
  <testcase classname="day32.BeforeTestDemo1" name="getTitle" time="0.014"/>
  <testcase classname="day32.BeforeTestDemo2" name="search" time="0.024">
    <failure type="java.lang.NullPointerException" message="Cannot invoke &amp;quot;org.openqa.selenium.WebDriver.findElement(org.openqa.selenium.By)&amp;quot; because &amp;quot;this.driver&amp;quot; is null">
      <![CDATA[java.lang.NullPointerException: Cannot invoke "org.openqa.selenium.WebDriver.findElement(org.openqa.selenium.By)" because "this.driver" is null
at day32.BeforeTestDemo2.search(BeforeTestDemo2.java:18)
at java.base/java.util.ArrayList.forEach(ArrayList.java:1511)
... Removed 25 stack frames]]>
    </failure>
  </testcase> <!-- search -->
</testsuite> <!-- BeforeAfterTestDemo2 -->
