<?xml version="1.0" encoding="UTF-8"?>
<!-- Generated by org.testng.reporters.JUnitXMLReporter -->
<testsuite ignored="0" hostname="DESKTOP-820RNO9" failures="0" tests="3" name="BeforeAfterTestDemo1" time="31.712" errors="0" timestamp="2023-11-18T21:00:01 IST">
  <testcase classname="day32.BeforeTestDemo1" name="login" time="2.335"/>
  <testcase classname="day32.BeforeTestDemo1" name="getcurrenturl" time="6.032"/>
  <testcase classname="day32.BeforeTestDemo1" name="getTitle" time="0.015"/>
</testsuite> <!-- BeforeAfterTestDemo1 -->
