<?xml version="1.0" encoding="UTF-8"?>
<!-- Generated by org.testng.reporters.JUnitXMLReporter -->
<testsuite ignored="0" hostname="DESKTOP-820RNO9" failures="0" tests="4" name="FirstOrangeHrmTest" time="21.931" errors="0" timestamp="2023-11-16T18:35:49 IST">
  <testcase classname="day31.TestNG_FrstTC" name="openapp" time="17.676"/>
  <testcase classname="day31.TestNG_FrstTC" name="Testlogo" time="0.702"/>
  <testcase classname="day31.TestNG_FrstTC" name="login" time="0.426"/>
  <testcase classname="day31.TestNG_FrstTC" name="getTitle" time="3.02"/>
</testsuite> <!-- FirstOrangeHrmTest -->
