<?xml version="1.0" encoding="UTF-8"?>
<testng-results ignored="0" total="2" passed="2" failed="0" skipped="0">
  <reporter-output>
  </reporter-output>
  <suite started-at="2023-12-11T22:01:47 IST" name="Default suite" finished-at="2023-12-11T22:02:06 IST" duration-ms="18297">
    <groups>
    </groups>
    <test started-at="2023-12-11T22:01:47 IST" name="Default test" finished-at="2023-12-11T22:02:06 IST" duration-ms="18297">
      <class name="assignments.Ass2">
        <test-method signature="setup()[pri:0, instance:assignments.Ass2@35d019a3]" started-at="2023-12-11T22:01:48 IST" name="setup" finished-at="2023-12-11T22:02:05 IST" duration-ms="16973" status="PASS">
          <reporter-output>
          </reporter-output>
        </test-method> <!-- setup -->
        <test-method signature="login()[pri:2, instance:assignments.Ass2@35d019a3]" started-at="2023-12-11T22:02:05 IST" name="login" finished-at="2023-12-11T22:02:06 IST" duration-ms="1232" status="PASS">
          <reporter-output>
          </reporter-output>
        </test-method> <!-- login -->
      </class> <!-- assignments.Ass2 -->
    </test> <!-- Default test -->
  </suite> <!-- Default suite -->
</testng-results>
